<?xml version="1.0" encoding="UTF-8"?>
<!-- Generated by org.testng.reporters.JUnitXMLReporter -->
<testsuite hostname="DESKTOP-B7UDF6D" ignored="1" name="Default test" tests="19" failures="0" timestamp="2021-12-28T01:41:38 IST" time="49.73" errors="0">
  <testcase name="broweLaunch" time="0.3" classname="com.testNGRunner.testNG_Adactin_Runner"/>
  <testcase name="getURL" time="2.279" classname="com.testNGRunner.testNG_Adactin_Runner"/>
  <testcase name="refresh" time="0.404" classname="com.testNGRunner.testNG_Adactin_Runner"/>
  <testcase name="refresh" time="0.394" classname="com.testNGRunner.testNG_Adactin_Runner"/>
  <testcase name="login" time="1.821" classname="com.testNGRunner.testNG_Adactin_Runner"/>
  <testcase name="sleepone" time="5.002" classname="com.testNGRunner.testNG_Adactin_Runner"/>
  <testcase name="location" time="0.342" classname="com.testNGRunner.testNG_Adactin_Runner"/>
  <testcase name="hotel" time="0.29" classname="com.testNGRunner.testNG_Adactin_Runner"/>
  <testcase name="room_Type" time="0.278" classname="com.testNGRunner.testNG_Adactin_Runner"/>
  <testcase name="noOfRooms" time="0.241" classname="com.testNGRunner.testNG_Adactin_Runner"/>
  <testcase name="cidcod" time="0.466" classname="com.testNGRunner.testNG_Adactin_Runner"/>
  <testcase name="adultsPerRoom" time="0.233" classname="com.testNGRunner.testNG_Adactin_Runner"/>
  <testcase name="childsperRoom" time="0.245" classname="com.testNGRunner.testNG_Adactin_Runner"/>
  <testcase name="search" time="1.286" classname="com.testNGRunner.testNG_Adactin_Runner"/>
  <testcase name="selectHotel" time="1.057" classname="com.testNGRunner.testNG_Adactin_Runner"/>
  <testcase name="bookaHotel" time="2.128" classname="com.testNGRunner.testNG_Adactin_Runner"/>
  <testcase name="myLit" time="7.251" classname="com.testNGRunner.testNG_Adactin_Runner"/>
  <testcase name="selectall" time="15.298" classname="com.testNGRunner.testNG_Adactin_Runner"/>
  <testcase name="logout" time="10.097" classname="com.testNGRunner.testNG_Adactin_Runner"/>
  <testcase name="sleeptwo" time="0.0" classname="com.testNGRunner.testNG_Adactin_Runner">
    <ignored/>
  </testcase> <!-- sleeptwo -->
</testsuite> <!-- Default test -->
