<?xml version="1.0" encoding="UTF-8"?>
<!-- Generated by org.testng.reporters.JUnitXMLReporter -->
<testsuite hostname="DESKTOP-B7UDF6D" ignored="1" name="Test" tests="22" failures="1" timestamp="2021-12-28T01:15:23 IST" time="44.639" errors="0">
  <testcase name="broweLaunch" time="0.272" classname="com.testNGRunner.testNG_Adactin_Runner"/>
  <testcase name="getURL" time="3.114" classname="com.testNGRunner.testNG_Adactin_Runner"/>
  <testcase name="refresh" time="0.565" classname="com.testNGRunner.testNG_Adactin_Runner"/>
  <testcase name="refresh" time="0.4" classname="com.testNGRunner.testNG_Adactin_Runner"/>
  <testcase name="expextedException" time="5.006" classname="com.testNGRunner.testNG_Adactin_Runner">
    <skipped/>
  </testcase> <!-- expextedException -->
  <testcase name="expextedException" time="5.006" classname="com.testNGRunner.testNG_Adactin_Runner">
    <skipped/>
  </testcase> <!-- expextedException -->
  <testcase name="expextedException" time="5.002" classname="com.testNGRunner.testNG_Adactin_Runner">
    <skipped/>
  </testcase> <!-- expextedException -->
  <testcase name="expextedException" time="5.006" classname="com.testNGRunner.testNG_Adactin_Runner">
    <failure type="org.testng.TestException" message="
Method testNG_Adactin_Runner.expextedException()[pri:-2, instance:com.testNGRunner.testNG_Adactin_Runner@1b266842] should have thrown an exception of type class java.lang.Exception">
      <![CDATA[org.testng.TestException: 
Method testNG_Adactin_Runner.expextedException()[pri:-2, instance:com.testNGRunner.testNG_Adactin_Runner@1b266842] should have thrown an exception of type class java.lang.Exception
at java.util.ArrayList.forEach(Unknown Source)
... Removed 24 stack frames]]>
    </failure>
  </testcase> <!-- expextedException -->
  <testcase name="login" time="1.816" classname="com.testNGRunner.testNG_Adactin_Runner"/>
  <testcase name="sleepone" time="5.002" classname="com.testNGRunner.testNG_Adactin_Runner"/>
  <testcase name="location" time="0.243" classname="com.testNGRunner.testNG_Adactin_Runner"/>
  <testcase name="hotel" time="0.217" classname="com.testNGRunner.testNG_Adactin_Runner"/>
  <testcase name="room_Type" time="0.192" classname="com.testNGRunner.testNG_Adactin_Runner"/>
  <testcase name="noOfRooms" time="0.172" classname="com.testNGRunner.testNG_Adactin_Runner"/>
  <testcase name="cidcod" time="0.335" classname="com.testNGRunner.testNG_Adactin_Runner"/>
  <testcase name="adultsPerRoom" time="0.194" classname="com.testNGRunner.testNG_Adactin_Runner"/>
  <testcase name="childsperRoom" time="0.187" classname="com.testNGRunner.testNG_Adactin_Runner"/>
  <testcase name="search" time="1.295" classname="com.testNGRunner.testNG_Adactin_Runner"/>
  <testcase name="selectHotel" time="0.95" classname="com.testNGRunner.testNG_Adactin_Runner"/>
  <testcase name="bookaHotel" time="1.62" classname="com.testNGRunner.testNG_Adactin_Runner"/>
  <testcase name="myLit" time="6.613" classname="com.testNGRunner.testNG_Adactin_Runner"/>
  <testcase name="logout" time="1.125" classname="com.testNGRunner.testNG_Adactin_Runner"/>
  <testcase name="sleeptwo" time="0.0" classname="com.testNGRunner.testNG_Adactin_Runner">
    <ignored/>
  </testcase> <!-- sleeptwo -->
</testsuite> <!-- Test -->
